#
# There is insufficient memory for the Java Runtime Environment to continue.
# Native memory allocation (mmap) failed to map 262144000 bytes for committing reserved memory.
# Possible reasons:
#   The system is out of physical RAM or swap space
#   The process is running with CompressedOops enabled, and the Java Heap may be blocking the growth of the native heap
# Possible solutions:
#   Reduce memory load on the system
#   Increase physical memory or swap space
#   Check if swap backing store is full
#   Decrease Java heap size (-Xmx/-Xms)
#   Decrease number of Java threads
#   Decrease Java thread stack sizes (-Xss)
#   Set larger code cache with -XX:ReservedCodeCacheSize=
# This output file may be truncated or incomplete.
#
#  Out of Memory Error (os_linux.cpp:2706), pid=20177, tid=20182
#
# JRE version:  (10.0.2+13) (build )
# Java VM: OpenJDK 64-Bit Server VM (10.0.2+13-Ubuntu-1ubuntu0.18.04.2, mixed mode, aot, tiered, compressed oops, g1 gc, linux-amd64)
# Core dump will be written. Default location: Core dumps may be processed with "/usr/share/apport/apport %p %s %c %d %P" (or dumping to /home/bandoos/SpamClassifier/core.20177)
#

---------------  S U M M A R Y ------------

Command Line: src.Bayespam data/spam-filter/train data/spam-filter/train

Host: Intel(R) Core(TM) i5-7600K CPU @ 3.80GHz, 4 cores, 15G, Linux Mint 19 Tara
Time: Tue Oct  2 18:34:02 2018 CEST elapsed time: 6 seconds (0d 0h 0m 6s)

---------------  T H R E A D  ---------------

Current thread (0x00007f7f08011800):  JavaThread "Unknown thread" [_thread_in_vm, id=20182, stack(0x00007f7f120ed000,0x00007f7f121ee000)]

Stack: [0x00007f7f120ed000,0x00007f7f121ee000],  sp=0x00007f7f121ec2e0,  free space=1020k
Native frames: (J=compiled Java code, A=aot compiled Java code, j=interpreted, Vv=VM code, C=native code)
V  [libjvm.so+0xd27e04]
V  [libjvm.so+0xd289ab]
V  [libjvm.so+0x64d415]
V  [libjvm.so+0xb2d728]
V  [libjvm.so+0xb25f7d]
V  [libjvm.so+0x7662ff]
V  [libjvm.so+0x76653e]
V  [libjvm.so+0x769500]
V  [libjvm.so+0x7efa1c]
V  [libjvm.so+0x7f06df]
V  [libjvm.so+0x7f0b59]
V  [libjvm.so+0x7162cf]
V  [libjvm.so+0x71afd3]
V  [libjvm.so+0xce5d22]
V  [libjvm.so+0xce6026]
V  [libjvm.so+0x807d57]
V  [libjvm.so+0xcc7a24]
V  [libjvm.so+0x8601b1]  JNI_CreateJavaVM+0x51
C  [libjli.so+0x3d83]
C  [libjli.so+0x89dd]
C  [libpthread.so.0+0x76db]  start_thread+0xdb


---------------  P R O C E S S  ---------------

Threads class SMR info:
_java_thread_list=0x000055eb5ece7640, length=0, elements={
}

Java Threads: ( => current thread )

Other Threads:
  0x00007f7f08028000 GCTaskThread "GC Thread#0" [stack: 0x00007f7f0e214000,0x00007f7f0e314000] [id=20214]
  0x00007f7f08029800 GCTaskThread "GC Thread#1" [stack: 0x00007f7f0e112000,0x00007f7f0e212000] [id=20232]
  0x00007f7f0802b800 GCTaskThread "GC Thread#2" [stack: 0x00007f7f0e010000,0x00007f7f0e110000] [id=20244]
  0x00007f7f0802d000 GCTaskThread "GC Thread#3" [stack: 0x00007f7f0df0e000,0x00007f7f0e00e000] [id=20247]
  0x00007f7f0807b800 ConcurrentGCThread "G1 Main Marker" [stack: 0x00007f7f0c1ad000,0x00007f7f0c2ad000] [id=20254]
  0x00007f7f0807d000 ConcurrentGCThread "G1 Conc#0" [stack: 0x00007f7f0c0ab000,0x00007f7f0c1ab000] [id=20264]

[error occurred during error reporting (printing all threads), id 0xe0000002]

VM state:not at safepoint (not fully initialized)

VM Mutex/Monitor currently owned by a thread:  ([mutex/lock_event])
[0x00007f7f0800e6a0] Heap_lock - owner thread: 0x00007f7f08011800

Heap address: 0x00000006c6a00000, size: 3990 MB, Compressed Oops mode: Non-zero based: 0x00000006c6a00000
Narrow klass base: 0x0000000000000000, Narrow klass shift: 0

GC Heap History (0 events):
No events

Deoptimization events (0 events):
No events

Classes redefined (0 events):
No events

Internal exceptions (0 events):
No events

Events (0 events):
No events


Dynamic libraries:
6d6400000-7c0000000 ---p 00000000 00:00 0 
55eb5d3b7000-55eb5d3b8000 r-xp 00000000 103:01 1709169                   /usr/lib/jvm/java-11-openjdk-amd64/bin/java
55eb5d5b8000-55eb5d5b9000 r--p 00001000 103:01 1709169                   /usr/lib/jvm/java-11-openjdk-amd64/bin/java
55eb5d5b9000-55eb5d5ba000 rw-p 00002000 103:01 1709169                   /usr/lib/jvm/java-11-openjdk-amd64/bin/java
55eb5ecd0000-55eb5ecf1000 rw-p 00000000 00:00 0                          [heap]
7f7ec8000000-7f7ec8021000 rw-p 00000000 00:00 0 
7f7ec8021000-7f7ecc000000 ---p 00000000 00:00 0 
7f7ed0000000-7f7ed0021000 rw-p 00000000 00:00 0 
7f7ed0021000-7f7ed4000000 ---p 00000000 00:00 0 
7f7ed41a8000-7f7ed8000000 ---p 00000000 00:00 0 
7f7ed8000000-7f7ed8021000 rw-p 00000000 00:00 0 
7f7ed8021000-7f7edc000000 ---p 00000000 00:00 0 
7f7edc1a8000-7f7ee0000000 ---p 00000000 00:00 0 
7f7ee0000000-7f7ee0021000 rw-p 00000000 00:00 0 
7f7ee0021000-7f7ee4000000 ---p 00000000 00:00 0 
7f7ee4000000-7f7ee4021000 rw-p 00000000 00:00 0 
7f7ee4021000-7f7ee8000000 ---p 00000000 00:00 0 
7f7ee8000000-7f7ee8021000 rw-p 00000000 00:00 0 
7f7ee8021000-7f7eec000000 ---p 00000000 00:00 0 
7f7eed722000-7f7eefb26000 rw-p 00000000 00:00 0 
7f7eefb26000-7f7eefd96000 rwxp 00000000 00:00 0 
7f7eefd96000-7f7ef00b6000 ---p 00000000 00:00 0 
7f7ef00b6000-7f7ef0326000 rwxp 00000000 00:00 0 
7f7ef0326000-7f7ef75ee000 ---p 00000000 00:00 0 
7f7ef75ee000-7f7ef785e000 rwxp 00000000 00:00 0 
7f7ef785e000-7f7efeb26000 ---p 00000000 00:00 0 
7f7efeb26000-7f7f08000000 r--s 00000000 103:01 1717638                   /usr/lib/jvm/java-11-openjdk-amd64/lib/modules
7f7f08000000-7f7f08094000 rw-p 00000000 00:00 0 
7f7f08094000-7f7f0c000000 ---p 00000000 00:00 0 
7f7f0c0a9000-7f7f0c0aa000 ---p 00000000 00:00 0 
7f7f0c0aa000-7f7f0c1ab000 rw-p 00000000 00:00 0 
7f7f0c1ab000-7f7f0c1ac000 ---p 00000000 00:00 0 
7f7f0c1ac000-7f7f0c3a7000 rw-p 00000000 00:00 0 
7f7f0c3a7000-7f7f0db08000 ---p 00000000 00:00 0 
7f7f0db08000-7f7f0df0c000 rw-p 00000000 00:00 0 
7f7f0df0c000-7f7f0df0d000 ---p 00000000 00:00 0 
7f7f0df0d000-7f7f0e00e000 rw-p 00000000 00:00 0 
7f7f0e00e000-7f7f0e00f000 ---p 00000000 00:00 0 
7f7f0e00f000-7f7f0e110000 rw-p 00000000 00:00 0 
7f7f0e110000-7f7f0e111000 ---p 00000000 00:00 0 
7f7f0e111000-7f7f0e212000 rw-p 00000000 00:00 0 
7f7f0e212000-7f7f0e213000 ---p 00000000 00:00 0 
7f7f0e213000-7f7f0e319000 rw-p 00000000 00:00 0 
7f7f0e319000-7f7f0e3ff000 ---p 00000000 00:00 0 
7f7f0e3ff000-7f7f0e404000 rw-p 00000000 00:00 0 
7f7f0e404000-7f7f0e4ea000 ---p 00000000 00:00 0 
7f7f0e4ea000-7f7f0e4ef000 r-xp 00000000 103:01 1717620                   /usr/lib/jvm/java-11-openjdk-amd64/lib/libjimage.so
7f7f0e4ef000-7f7f0e6ee000 ---p 00005000 103:01 1717620                   /usr/lib/jvm/java-11-openjdk-amd64/lib/libjimage.so
7f7f0e6ee000-7f7f0e6ef000 r--p 00004000 103:01 1717620                   /usr/lib/jvm/java-11-openjdk-amd64/lib/libjimage.so
7f7f0e6ef000-7f7f0e6f0000 rw-p 00005000 103:01 1717620                   /usr/lib/jvm/java-11-openjdk-amd64/lib/libjimage.so
7f7f0e6f0000-7f7f0e6f7000 r-xp 00000000 103:01 1717637                   /usr/lib/jvm/java-11-openjdk-amd64/lib/libzip.so
7f7f0e6f7000-7f7f0e8f6000 ---p 00007000 103:01 1717637                   /usr/lib/jvm/java-11-openjdk-amd64/lib/libzip.so
7f7f0e8f6000-7f7f0e8f7000 r--p 00006000 103:01 1717637                   /usr/lib/jvm/java-11-openjdk-amd64/lib/libzip.so
7f7f0e8f7000-7f7f0e8f8000 rw-p 00007000 103:01 1717637                   /usr/lib/jvm/java-11-openjdk-amd64/lib/libzip.so
7f7f0e8f8000-7f7f0e903000 r-xp 00000000 103:01 8917708                   /lib/x86_64-linux-gnu/libnss_files-2.27.so
7f7f0e903000-7f7f0eb02000 ---p 0000b000 103:01 8917708                   /lib/x86_64-linux-gnu/libnss_files-2.27.so
7f7f0eb02000-7f7f0eb03000 r--p 0000a000 103:01 8917708                   /lib/x86_64-linux-gnu/libnss_files-2.27.so
7f7f0eb03000-7f7f0eb04000 rw-p 0000b000 103:01 8917708                   /lib/x86_64-linux-gnu/libnss_files-2.27.so
7f7f0eb04000-7f7f0eb0a000 rw-p 00000000 00:00 0 
7f7f0eb0a000-7f7f0eb21000 r-xp 00000000 103:01 8917702                   /lib/x86_64-linux-gnu/libnsl-2.27.so
7f7f0eb21000-7f7f0ed20000 ---p 00017000 103:01 8917702                   /lib/x86_64-linux-gnu/libnsl-2.27.so
7f7f0ed20000-7f7f0ed21000 r--p 00016000 103:01 8917702                   /lib/x86_64-linux-gnu/libnsl-2.27.so
7f7f0ed21000-7f7f0ed22000 rw-p 00017000 103:01 8917702                   /lib/x86_64-linux-gnu/libnsl-2.27.so
7f7f0ed22000-7f7f0ed24000 rw-p 00000000 00:00 0 
7f7f0ed24000-7f7f0ed2f000 r-xp 00000000 103:01 8917719                   /lib/x86_64-linux-gnu/libnss_nis-2.27.so
7f7f0ed2f000-7f7f0ef2e000 ---p 0000b000 103:01 8917719                   /lib/x86_64-linux-gnu/libnss_nis-2.27.so
7f7f0ef2e000-7f7f0ef2f000 r--p 0000a000 103:01 8917719                   /lib/x86_64-linux-gnu/libnss_nis-2.27.so
7f7f0ef2f000-7f7f0ef30000 rw-p 0000b000 103:01 8917719                   /lib/x86_64-linux-gnu/libnss_nis-2.27.so
7f7f0ef30000-7f7f0ef38000 r-xp 00000000 103:01 8917704                   /lib/x86_64-linux-gnu/libnss_compat-2.27.so
7f7f0ef38000-7f7f0f138000 ---p 00008000 103:01 8917704                   /lib/x86_64-linux-gnu/libnss_compat-2.27.so
7f7f0f138000-7f7f0f139000 r--p 00008000 103:01 8917704                   /lib/x86_64-linux-gnu/libnss_compat-2.27.so
7f7f0f139000-7f7f0f13a000 rw-p 00009000 103:01 8917704                   /lib/x86_64-linux-gnu/libnss_compat-2.27.so
7f7f0f13a000-7f7f0f166000 r-xp 00000000 103:01 1717616                   /usr/lib/jvm/java-11-openjdk-amd64/lib/libjava.so
7f7f0f166000-7f7f0f365000 ---p 0002c000 103:01 1717616                   /usr/lib/jvm/java-11-openjdk-amd64/lib/libjava.so
7f7f0f365000-7f7f0f366000 r--p 0002b000 103:01 1717616                   /usr/lib/jvm/java-11-openjdk-amd64/lib/libjava.so
7f7f0f366000-7f7f0f368000 rw-p 0002c000 103:01 1717616                   /usr/lib/jvm/java-11-openjdk-amd64/lib/libjava.so
7f7f0f368000-7f7f0f375000 r-xp 00000000 103:01 1717636                   /usr/lib/jvm/java-11-openjdk-amd64/lib/libverify.so
7f7f0f375000-7f7f0f574000 ---p 0000d000 103:01 1717636                   /usr/lib/jvm/java-11-openjdk-amd64/lib/libverify.so
7f7f0f574000-7f7f0f576000 r--p 0000c000 103:01 1717636                   /usr/lib/jvm/java-11-openjdk-amd64/lib/libverify.so
7f7f0f576000-7f7f0f577000 rw-p 0000e000 103:01 1717636                   /usr/lib/jvm/java-11-openjdk-amd64/lib/libverify.so
7f7f0f577000-7f7f0f57e000 r-xp 00000000 103:01 8917759                   /lib/x86_64-linux-gnu/librt-2.27.so
7f7f0f57e000-7f7f0f77d000 ---p 00007000 103:01 8917759                   /lib/x86_64-linux-gnu/librt-2.27.so
7f7f0f77d000-7f7f0f77e000 r--p 00006000 103:01 8917759                   /lib/x86_64-linux-gnu/librt-2.27.so
7f7f0f77e000-7f7f0f77f000 rw-p 00007000 103:01 8917759                   /lib/x86_64-linux-gnu/librt-2.27.so
7f7f0f77f000-7f7f0f796000 r-xp 00000000 103:01 8917655                   /lib/x86_64-linux-gnu/libgcc_s.so.1
7f7f0f796000-7f7f0f995000 ---p 00017000 103:01 8917655                   /lib/x86_64-linux-gnu/libgcc_s.so.1
7f7f0f995000-7f7f0f996000 r--p 00016000 103:01 8917655                   /lib/x86_64-linux-gnu/libgcc_s.so.1
7f7f0f996000-7f7f0f997000 rw-p 00017000 103:01 8917655                   /lib/x86_64-linux-gnu/libgcc_s.so.1
7f7f0f997000-7f7f0fb34000 r-xp 00000000 103:01 8917681                   /lib/x86_64-linux-gnu/libm-2.27.so
7f7f0fb34000-7f7f0fd33000 ---p 0019d000 103:01 8917681                   /lib/x86_64-linux-gnu/libm-2.27.so
7f7f0fd33000-7f7f0fd34000 r--p 0019c000 103:01 8917681                   /lib/x86_64-linux-gnu/libm-2.27.so
7f7f0fd34000-7f7f0fd35000 rw-p 0019d000 103:01 8917681                   /lib/x86_64-linux-gnu/libm-2.27.so
7f7f0fd35000-7f7f0feb3000 r-xp 00000000 103:01 1712588                   /usr/lib/x86_64-linux-gnu/libstdc++.so.6.0.25
7f7f0feb3000-7f7f100b3000 ---p 0017e000 103:01 1712588                   /usr/lib/x86_64-linux-gnu/libstdc++.so.6.0.25
7f7f100b3000-7f7f100bd000 r--p 0017e000 103:01 1712588                   /usr/lib/x86_64-linux-gnu/libstdc++.so.6.0.25
7f7f100bd000-7f7f100bf000 rw-p 00188000 103:01 1712588                   /usr/lib/x86_64-linux-gnu/libstdc++.so.6.0.25
7f7f100bf000-7f7f100c3000 rw-p 00000000 00:00 0 
7f7f100c3000-7f7f11060000 r-xp 00000000 103:01 1717641                   /usr/lib/jvm/java-11-openjdk-amd64/lib/server/libjvm.so
7f7f11060000-7f7f11260000 ---p 00f9d000 103:01 1717641                   /usr/lib/jvm/java-11-openjdk-amd64/lib/server/libjvm.so
7f7f11260000-7f7f11324000 r--p 00f9d000 103:01 1717641                   /usr/lib/jvm/java-11-openjdk-amd64/lib/server/libjvm.so
7f7f11324000-7f7f1135c000 rw-p 01061000 103:01 1717641                   /usr/lib/jvm/java-11-openjdk-amd64/lib/server/libjvm.so
7f7f1135c000-7f7f113a5000 rw-p 00000000 00:00 0 
7f7f113a5000-7f7f113bf000 r-xp 00000000 103:01 8917751                   /lib/x86_64-linux-gnu/libpthread-2.27.so
7f7f113bf000-7f7f115be000 ---p 0001a000 103:01 8917751                   /lib/x86_64-linux-gnu/libpthread-2.27.so
7f7f115be000-7f7f115bf000 r--p 00019000 103:01 8917751                   /lib/x86_64-linux-gnu/libpthread-2.27.so
7f7f115bf000-7f7f115c0000 rw-p 0001a000 103:01 8917751                   /lib/x86_64-linux-gnu/libpthread-2.27.so
7f7f115c0000-7f7f115c4000 rw-p 00000000 00:00 0 
7f7f115c4000-7f7f115c7000 r-xp 00000000 103:01 8917641                   /lib/x86_64-linux-gnu/libdl-2.27.so
7f7f115c7000-7f7f117c6000 ---p 00003000 103:01 8917641                   /lib/x86_64-linux-gnu/libdl-2.27.so
7f7f117c6000-7f7f117c7000 r--p 00002000 103:01 8917641                   /lib/x86_64-linux-gnu/libdl-2.27.so
7f7f117c7000-7f7f117c8000 rw-p 00003000 103:01 8917641                   /lib/x86_64-linux-gnu/libdl-2.27.so
7f7f117c8000-7f7f117e4000 r-xp 00000000 103:01 8917792                   /lib/x86_64-linux-gnu/libz.so.1.2.11
7f7f117e4000-7f7f119e3000 ---p 0001c000 103:01 8917792                   /lib/x86_64-linux-gnu/libz.so.1.2.11
7f7f119e3000-7f7f119e4000 r--p 0001b000 103:01 8917792                   /lib/x86_64-linux-gnu/libz.so.1.2.11
7f7f119e4000-7f7f119e5000 rw-p 0001c000 103:01 8917792                   /lib/x86_64-linux-gnu/libz.so.1.2.11
7f7f119e5000-7f7f11bcc000 r-xp 00000000 103:01 8917618                   /lib/x86_64-linux-gnu/libc-2.27.so
7f7f11bcc000-7f7f11dcc000 ---p 001e7000 103:01 8917618                   /lib/x86_64-linux-gnu/libc-2.27.so
7f7f11dcc000-7f7f11dd0000 r--p 001e7000 103:01 8917618                   /lib/x86_64-linux-gnu/libc-2.27.so
7f7f11dd0000-7f7f11dd2000 rw-p 001eb000 103:01 8917618                   /lib/x86_64-linux-gnu/libc-2.27.so
7f7f11dd2000-7f7f11dd6000 rw-p 00000000 00:00 0 
7f7f11dd6000-7f7f11de5000 r-xp 00000000 103:01 1717601                   /usr/lib/jvm/java-11-openjdk-amd64/lib/jli/libjli.so
7f7f11de5000-7f7f11fe4000 ---p 0000f000 103:01 1717601                   /usr/lib/jvm/java-11-openjdk-amd64/lib/jli/libjli.so
7f7f11fe4000-7f7f11fe5000 r--p 0000e000 103:01 1717601                   /usr/lib/jvm/java-11-openjdk-amd64/lib/jli/libjli.so
7f7f11fe5000-7f7f11fe6000 rw-p 0000f000 103:01 1717601                   /usr/lib/jvm/java-11-openjdk-amd64/lib/jli/libjli.so
7f7f11fe6000-7f7f1200d000 r-xp 00000000 103:01 8917590                   /lib/x86_64-linux-gnu/ld-2.27.so
7f7f12068000-7f7f120ed000 rw-p 00000000 00:00 0 
7f7f120ed000-7f7f120f1000 ---p 00000000 00:00 0 
7f7f120f1000-7f7f121f0000 rw-p 00000000 00:00 0 
7f7f121f4000-7f7f121fa000 rw-p 00000000 00:00 0 
7f7f121fa000-7f7f12201000 ---p 00000000 00:00 0 
7f7f12201000-7f7f12209000 rw-s 00000000 103:01 1442177                   /tmp/hsperfdata_bandoos/20177
7f7f12209000-7f7f1220a000 ---p 00000000 00:00 0 
7f7f1220a000-7f7f1220b000 r--p 00000000 00:00 0 
7f7f1220b000-7f7f1220d000 rw-p 00000000 00:00 0 
7f7f1220d000-7f7f1220e000 r--p 00027000 103:01 8917590                   /lib/x86_64-linux-gnu/ld-2.27.so
7f7f1220e000-7f7f1220f000 rw-p 00028000 103:01 8917590                   /lib/x86_64-linux-gnu/ld-2.27.so
7f7f1220f000-7f7f12210000 rw-p 00000000 00:00 0 
7ffe5a431000-7ffe5a452000 rw-p 00000000 00:00 0                          [stack]
7ffe5a5a2000-7ffe5a5a5000 r--p 00000000 00:00 0                          [vvar]
7ffe5a5a5000-7ffe5a5a7000 r-xp 00000000 00:00 0                          [vdso]
ffffffffff600000-ffffffffff601000 r-xp 00000000 00:00 0                  [vsyscall]


VM Arguments:
java_command: src.Bayespam data/spam-filter/train data/spam-filter/train
java_class_path (initial): target/
Launcher Type: SUN_STANDARD

Logging:
Log output configuration:
#0: stdout all=warning uptime,level,tags
#1: stderr all=off uptime,level,tags

Environment Variables:
PATH=/home/bandoos/.local/bin:/usr/local/sbin:/usr/local/bin:/usr/sbin:/usr/bin:/sbin:/bin:/usr/games:/usr/local/games
SHELL=/bin/bash
DISPLAY=:0.0

Signal Handlers:
SIGSEGV: [libjvm.so+0xd28ad0], sa_mask[0]=11111111011111111101111111111110, sa_flags=SA_RESTART|SA_SIGINFO
SIGBUS: [libjvm.so+0xd28ad0], sa_mask[0]=11111111011111111101111111111110, sa_flags=SA_RESTART|SA_SIGINFO
SIGFPE: [libjvm.so+0xd28ad0], sa_mask[0]=11111111011111111101111111111110, sa_flags=SA_RESTART|SA_SIGINFO
SIGPIPE: [libjvm.so+0xb2a150], sa_mask[0]=11111111011111111101111111111110, sa_flags=SA_RESTART|SA_SIGINFO
SIGXFSZ: [libjvm.so+0xb2a150], sa_mask[0]=11111111011111111101111111111110, sa_flags=SA_RESTART|SA_SIGINFO
SIGILL: [libjvm.so+0xd28ad0], sa_mask[0]=11111111011111111101111111111110, sa_flags=SA_RESTART|SA_SIGINFO
SIGUSR2: [libjvm.so+0xb29f90], sa_mask[0]=00000000000000000000000000000000, sa_flags=SA_RESTART|SA_SIGINFO
SIGHUP: SIG_DFL, sa_mask[0]=00000000000000000000000000000000, sa_flags=none
SIGINT: SIG_DFL, sa_mask[0]=00000000000000000000000000000000, sa_flags=none
SIGTERM: SIG_DFL, sa_mask[0]=00000000000000000000000000000000, sa_flags=none
SIGQUIT: SIG_DFL, sa_mask[0]=00000000000000000000000000000000, sa_flags=none


---------------  S Y S T E M  ---------------

OS:DISTRIB_ID=LinuxMint
DISTRIB_RELEASE=19
DISTRIB_CODENAME=tara
DISTRIB_DESCRIPTION="Linux Mint 19 Tara"
uname:Linux 4.15.0-20-generic #21-Ubuntu SMP Tue Apr 24 06:16:15 UTC 2018 x86_64
libc:glibc 2.27 NPTL 2.27 
rlimit: STACK 8192k, CORE 0k, NPROC 63589, NOFILE 1048576, AS infinity, DATA infinity, FSIZE infinity
load average:345.57 158.77 62.44

/proc/meminfo:
MemTotal:       16341684 kB
MemFree:          136692 kB
MemAvailable:     101540 kB
Buffers:            2264 kB
Cached:           680352 kB
SwapCached:        35512 kB
Active:         14294016 kB
Inactive:        1388576 kB
Active(anon):   14204896 kB
Inactive(anon):  1292556 kB
Active(file):      89120 kB
Inactive(file):    96020 kB
Unevictable:         204 kB
Mlocked:             204 kB
SwapTotal:       2097148 kB
SwapFree:           1660 kB
Dirty:              1216 kB
Writeback:             4 kB
AnonPages:      14917972 kB
Mapped:           298072 kB
Shmem:            492136 kB
Slab:             172400 kB
SReclaimable:      69020 kB
SUnreclaim:       103380 kB
KernelStack:       75216 kB
PageTables:       159452 kB
NFS_Unstable:          0 kB
Bounce:                0 kB
WritebackTmp:          0 kB
CommitLimit:    10267988 kB
Committed_AS:   65799416 kB
VmallocTotal:   34359738367 kB
VmallocUsed:           0 kB
VmallocChunk:          0 kB
HardwareCorrupted:     0 kB
AnonHugePages:         0 kB
ShmemHugePages:        0 kB
ShmemPmdMapped:        0 kB
CmaTotal:              0 kB
CmaFree:               0 kB
HugePages_Total:       0
HugePages_Free:        0
HugePages_Rsvd:        0
HugePages_Surp:        0
Hugepagesize:       2048 kB
DirectMap4k:      161384 kB
DirectMap2M:     7094272 kB
DirectMap1G:    10485760 kB

container (cgroup) information:
container_type: cgroupv1
cpu_cpuset_cpus: 0-3
cpu_memory_nodes: 0
active_processor_count: 4
cpu_quota: -1
cpu_period: 100000
cpu_shares: -1
memory_limit_in_bytes: -1
memory_and_swap_limit_in_bytes: -2
memory_soft_limit_in_bytes: -1
memory_usage_in_bytes: 16064724992
memory_max_usage_in_bytes: 0


CPU:total 4 (initial active 4) (4 cores per cpu, 1 threads per core) family 6 model 158 stepping 9, cmov, cx8, fxsr, mmx, sse, sse2, sse3, ssse3, sse4.1, sse4.2, popcnt, avx, avx2, aes, clmul, erms, rtm, 3dnowpref, lzcnt, tsc, tscinvbit, bmi1, bmi2, adx, fma
CPU Model and flags from /proc/cpuinfo:
model name	: Intel(R) Core(TM) i5-7600K CPU @ 3.80GHz
flags		: fpu vme de pse tsc msr pae mce cx8 apic sep mtrr pge mca cmov pat pse36 clflush dts acpi mmx fxsr sse sse2 ss ht tm pbe syscall nx pdpe1gb rdtscp lm constant_tsc art arch_perfmon pebs bts rep_good nopl xtopology nonstop_tsc cpuid aperfmperf tsc_known_freq pni pclmulqdq dtes64 monitor ds_cpl vmx est tm2 ssse3 sdbg fma cx16 xtpr pdcm pcid sse4_1 sse4_2 x2apic movbe popcnt aes xsave avx f16c rdrand lahf_lm abm 3dnowprefetch cpuid_fault invpcid_single pti tpr_shadow vnmi flexpriority ept vpid fsgsbase tsc_adjust bmi1 hle avx2 smep bmi2 erms invpcid rtm mpx rdseed adx smap clflushopt intel_pt xsaveopt xsavec xgetbv1 xsaves dtherm ida arat pln pts hwp hwp_notify hwp_act_window hwp_epp

Memory: 4k page, physical 16341684k(136692k free), swap 2097148k(1660k free)

vm_info: OpenJDK 64-Bit Server VM (10.0.2+13-Ubuntu-1ubuntu0.18.04.2) for linux-amd64 JRE (10.0.2+13-Ubuntu-1ubuntu0.18.04.2), built on Aug 24 2018 17:36:24 by "buildd" with gcc 7.3.0

END.
