#
# There is insufficient memory for the Java Runtime Environment to continue.
# Native memory allocation (mmap) failed to map 262144000 bytes for committing reserved memory.
# Possible reasons:
#   The system is out of physical RAM or swap space
#   The process is running with CompressedOops enabled, and the Java Heap may be blocking the growth of the native heap
# Possible solutions:
#   Reduce memory load on the system
#   Increase physical memory or swap space
#   Check if swap backing store is full
#   Decrease Java heap size (-Xmx/-Xms)
#   Decrease number of Java threads
#   Decrease Java thread stack sizes (-Xss)
#   Set larger code cache with -XX:ReservedCodeCacheSize=
# This output file may be truncated or incomplete.
#
#  Out of Memory Error (os_linux.cpp:2706), pid=20166, tid=20190
#
# JRE version:  (10.0.2+13) (build )
# Java VM: OpenJDK 64-Bit Server VM (10.0.2+13-Ubuntu-1ubuntu0.18.04.2, mixed mode, aot, tiered, compressed oops, g1 gc, linux-amd64)
# Core dump will be written. Default location: Core dumps may be processed with "/usr/share/apport/apport %p %s %c %d %P" (or dumping to /home/bandoos/SpamClassifier/core.20166)
#

---------------  S U M M A R Y ------------

Command Line: src.Bayespam data/spam-filter/train data/spam-filter/test

Host: Intel(R) Core(TM) i5-7600K CPU @ 3.80GHz, 4 cores, 15G, Linux Mint 19 Tara
Time: Tue Oct  2 18:33:59 2018 CEST elapsed time: 2 seconds (0d 0h 0m 2s)

---------------  T H R E A D  ---------------

Current thread (0x00007fa9e0011800):  JavaThread "Unknown thread" [_thread_in_vm, id=20190, stack(0x00007fa9e837d000,0x00007fa9e847e000)]

Stack: [0x00007fa9e837d000,0x00007fa9e847e000],  sp=0x00007fa9e847c2e0,  free space=1020k
Native frames: (J=compiled Java code, A=aot compiled Java code, j=interpreted, Vv=VM code, C=native code)
V  [libjvm.so+0xd27e04]
V  [libjvm.so+0xd289ab]
V  [libjvm.so+0x64d415]
V  [libjvm.so+0xb2d728]
V  [libjvm.so+0xb25f7d]
V  [libjvm.so+0x7662ff]
V  [libjvm.so+0x76653e]
V  [libjvm.so+0x769500]
V  [libjvm.so+0x7efa1c]
V  [libjvm.so+0x7f06df]
V  [libjvm.so+0x7f0b59]
V  [libjvm.so+0x7162cf]
V  [libjvm.so+0x71afd3]
V  [libjvm.so+0xce5d22]
V  [libjvm.so+0xce6026]
V  [libjvm.so+0x807d57]
V  [libjvm.so+0xcc7a24]
V  [libjvm.so+0x8601b1]  JNI_CreateJavaVM+0x51
C  [libjli.so+0x3d83]
C  [libjli.so+0x89dd]
C  [libpthread.so.0+0x76db]  start_thread+0xdb


---------------  P R O C E S S  ---------------

Threads class SMR info:
_java_thread_list=0x000055f1921e6640, length=0, elements={
}

Java Threads: ( => current thread )

Other Threads:
  0x00007fa9e0028000 GCTaskThread "GC Thread#0" [stack: 0x00007fa9e44a4000,0x00007fa9e45a4000] [id=20217]
  0x00007fa9e0029800 GCTaskThread "GC Thread#1" [stack: 0x00007fa9e43a2000,0x00007fa9e44a2000] [id=20227]
  0x00007fa9e002b800 GCTaskThread "GC Thread#2" [stack: 0x00007fa9e42a0000,0x00007fa9e43a0000] [id=20236]
  0x00007fa9e002d000 GCTaskThread "GC Thread#3" [stack: 0x00007fa9e419e000,0x00007fa9e429e000] [id=20239]
  0x00007fa9e007b800 ConcurrentGCThread "G1 Main Marker" [stack: 0x00007fa9c5ec8000,0x00007fa9c5fc8000] [id=20242]
  0x00007fa9e007d000 ConcurrentGCThread "G1 Conc#0" [stack: 0x00007fa9c5dc6000,0x00007fa9c5ec6000] [id=20243]

[error occurred during error reporting (printing all threads), id 0xe0000002]

VM state:not at safepoint (not fully initialized)

VM Mutex/Monitor currently owned by a thread:  ([mutex/lock_event])
[0x00007fa9e000e6a0] Heap_lock - owner thread: 0x00007fa9e0011800

Heap address: 0x00000006c6a00000, size: 3990 MB, Compressed Oops mode: Non-zero based: 0x00000006c6a00000
Narrow klass base: 0x0000000000000000, Narrow klass shift: 0

GC Heap History (0 events):
No events

Deoptimization events (0 events):
No events

Classes redefined (0 events):
No events

Internal exceptions (0 events):
No events

Events (0 events):
No events


Dynamic libraries:
6d6400000-7c0000000 ---p 00000000 00:00 0 
55f190e1a000-55f190e1b000 r-xp 00000000 103:01 1709169                   /usr/lib/jvm/java-11-openjdk-amd64/bin/java
55f19101b000-55f19101c000 r--p 00001000 103:01 1709169                   /usr/lib/jvm/java-11-openjdk-amd64/bin/java
55f19101c000-55f19101d000 rw-p 00002000 103:01 1709169                   /usr/lib/jvm/java-11-openjdk-amd64/bin/java
55f1921cf000-55f1921f0000 rw-p 00000000 00:00 0                          [heap]
7fa9a0000000-7fa9a0021000 rw-p 00000000 00:00 0 
7fa9a0021000-7fa9a4000000 ---p 00000000 00:00 0 
7fa9a6000000-7fa9a8000000 rw-p 00000000 00:00 0 
7fa9a8000000-7fa9a8021000 rw-p 00000000 00:00 0 
7fa9a8021000-7fa9ac000000 ---p 00000000 00:00 0 
7fa9ac1a8000-7fa9b0000000 ---p 00000000 00:00 0 
7fa9b0000000-7fa9b0021000 rw-p 00000000 00:00 0 
7fa9b0021000-7fa9b4000000 ---p 00000000 00:00 0 
7fa9b41a8000-7fa9b8000000 ---p 00000000 00:00 0 
7fa9b8000000-7fa9b8021000 rw-p 00000000 00:00 0 
7fa9b8021000-7fa9bc000000 ---p 00000000 00:00 0 
7fa9bc000000-7fa9bc021000 rw-p 00000000 00:00 0 
7fa9bc021000-7fa9c0000000 ---p 00000000 00:00 0 
7fa9c0000000-7fa9c0021000 rw-p 00000000 00:00 0 
7fa9c0021000-7fa9c4000000 ---p 00000000 00:00 0 
7fa9c59c0000-7fa9c5dc4000 rw-p 00000000 00:00 0 
7fa9c5dc4000-7fa9c5dc5000 ---p 00000000 00:00 0 
7fa9c5dc5000-7fa9c5ec6000 rw-p 00000000 00:00 0 
7fa9c5ec6000-7fa9c5ec7000 ---p 00000000 00:00 0 
7fa9c5ec7000-7fa9c60c2000 rw-p 00000000 00:00 0 
7fa9c60c2000-7fa9c7823000 ---p 00000000 00:00 0 
7fa9c7823000-7fa9c7b26000 rw-p 00000000 00:00 0 
7fa9c7b26000-7fa9c7d96000 rwxp 00000000 00:00 0 
7fa9c7d96000-7fa9c80b6000 ---p 00000000 00:00 0 
7fa9c80b6000-7fa9c8326000 rwxp 00000000 00:00 0 
7fa9c8326000-7fa9cf5ee000 ---p 00000000 00:00 0 
7fa9cf5ee000-7fa9cf85e000 rwxp 00000000 00:00 0 
7fa9cf85e000-7fa9d6b26000 ---p 00000000 00:00 0 
7fa9d6b26000-7fa9e0000000 r--s 00000000 103:01 1717638                   /usr/lib/jvm/java-11-openjdk-amd64/lib/modules
7fa9e0000000-7fa9e0094000 rw-p 00000000 00:00 0 
7fa9e0094000-7fa9e4000000 ---p 00000000 00:00 0 
7fa9e409b000-7fa9e419c000 rw-p 00000000 00:00 0 
7fa9e419c000-7fa9e419d000 ---p 00000000 00:00 0 
7fa9e419d000-7fa9e429e000 rw-p 00000000 00:00 0 
7fa9e429e000-7fa9e429f000 ---p 00000000 00:00 0 
7fa9e429f000-7fa9e43a0000 rw-p 00000000 00:00 0 
7fa9e43a0000-7fa9e43a1000 ---p 00000000 00:00 0 
7fa9e43a1000-7fa9e44a2000 rw-p 00000000 00:00 0 
7fa9e44a2000-7fa9e44a3000 ---p 00000000 00:00 0 
7fa9e44a3000-7fa9e45a9000 rw-p 00000000 00:00 0 
7fa9e45a9000-7fa9e468f000 ---p 00000000 00:00 0 
7fa9e468f000-7fa9e4694000 rw-p 00000000 00:00 0 
7fa9e4694000-7fa9e477a000 ---p 00000000 00:00 0 
7fa9e477a000-7fa9e477f000 r-xp 00000000 103:01 1717620                   /usr/lib/jvm/java-11-openjdk-amd64/lib/libjimage.so
7fa9e477f000-7fa9e497e000 ---p 00005000 103:01 1717620                   /usr/lib/jvm/java-11-openjdk-amd64/lib/libjimage.so
7fa9e497e000-7fa9e497f000 r--p 00004000 103:01 1717620                   /usr/lib/jvm/java-11-openjdk-amd64/lib/libjimage.so
7fa9e497f000-7fa9e4980000 rw-p 00005000 103:01 1717620                   /usr/lib/jvm/java-11-openjdk-amd64/lib/libjimage.so
7fa9e4980000-7fa9e4987000 r-xp 00000000 103:01 1717637                   /usr/lib/jvm/java-11-openjdk-amd64/lib/libzip.so
7fa9e4987000-7fa9e4b86000 ---p 00007000 103:01 1717637                   /usr/lib/jvm/java-11-openjdk-amd64/lib/libzip.so
7fa9e4b86000-7fa9e4b87000 r--p 00006000 103:01 1717637                   /usr/lib/jvm/java-11-openjdk-amd64/lib/libzip.so
7fa9e4b87000-7fa9e4b88000 rw-p 00007000 103:01 1717637                   /usr/lib/jvm/java-11-openjdk-amd64/lib/libzip.so
7fa9e4b88000-7fa9e4b93000 r-xp 00000000 103:01 8917708                   /lib/x86_64-linux-gnu/libnss_files-2.27.so
7fa9e4b93000-7fa9e4d92000 ---p 0000b000 103:01 8917708                   /lib/x86_64-linux-gnu/libnss_files-2.27.so
7fa9e4d92000-7fa9e4d93000 r--p 0000a000 103:01 8917708                   /lib/x86_64-linux-gnu/libnss_files-2.27.so
7fa9e4d93000-7fa9e4d94000 rw-p 0000b000 103:01 8917708                   /lib/x86_64-linux-gnu/libnss_files-2.27.so
7fa9e4d94000-7fa9e4d9a000 rw-p 00000000 00:00 0 
7fa9e4d9a000-7fa9e4db1000 r-xp 00000000 103:01 8917702                   /lib/x86_64-linux-gnu/libnsl-2.27.so
7fa9e4db1000-7fa9e4fb0000 ---p 00017000 103:01 8917702                   /lib/x86_64-linux-gnu/libnsl-2.27.so
7fa9e4fb0000-7fa9e4fb1000 r--p 00016000 103:01 8917702                   /lib/x86_64-linux-gnu/libnsl-2.27.so
7fa9e4fb1000-7fa9e4fb2000 rw-p 00017000 103:01 8917702                   /lib/x86_64-linux-gnu/libnsl-2.27.so
7fa9e4fb2000-7fa9e4fb4000 rw-p 00000000 00:00 0 
7fa9e4fb4000-7fa9e4fbf000 r-xp 00000000 103:01 8917719                   /lib/x86_64-linux-gnu/libnss_nis-2.27.so
7fa9e4fbf000-7fa9e51be000 ---p 0000b000 103:01 8917719                   /lib/x86_64-linux-gnu/libnss_nis-2.27.so
7fa9e51be000-7fa9e51bf000 r--p 0000a000 103:01 8917719                   /lib/x86_64-linux-gnu/libnss_nis-2.27.so
7fa9e51bf000-7fa9e51c0000 rw-p 0000b000 103:01 8917719                   /lib/x86_64-linux-gnu/libnss_nis-2.27.so
7fa9e51c0000-7fa9e51c8000 r-xp 00000000 103:01 8917704                   /lib/x86_64-linux-gnu/libnss_compat-2.27.so
7fa9e51c8000-7fa9e53c8000 ---p 00008000 103:01 8917704                   /lib/x86_64-linux-gnu/libnss_compat-2.27.so
7fa9e53c8000-7fa9e53c9000 r--p 00008000 103:01 8917704                   /lib/x86_64-linux-gnu/libnss_compat-2.27.so
7fa9e53c9000-7fa9e53ca000 rw-p 00009000 103:01 8917704                   /lib/x86_64-linux-gnu/libnss_compat-2.27.so
7fa9e53ca000-7fa9e53f6000 r-xp 00000000 103:01 1717616                   /usr/lib/jvm/java-11-openjdk-amd64/lib/libjava.so
7fa9e53f6000-7fa9e55f5000 ---p 0002c000 103:01 1717616                   /usr/lib/jvm/java-11-openjdk-amd64/lib/libjava.so
7fa9e55f5000-7fa9e55f6000 r--p 0002b000 103:01 1717616                   /usr/lib/jvm/java-11-openjdk-amd64/lib/libjava.so
7fa9e55f6000-7fa9e55f8000 rw-p 0002c000 103:01 1717616                   /usr/lib/jvm/java-11-openjdk-amd64/lib/libjava.so
7fa9e55f8000-7fa9e5605000 r-xp 00000000 103:01 1717636                   /usr/lib/jvm/java-11-openjdk-amd64/lib/libverify.so
7fa9e5605000-7fa9e5804000 ---p 0000d000 103:01 1717636                   /usr/lib/jvm/java-11-openjdk-amd64/lib/libverify.so
7fa9e5804000-7fa9e5806000 r--p 0000c000 103:01 1717636                   /usr/lib/jvm/java-11-openjdk-amd64/lib/libverify.so
7fa9e5806000-7fa9e5807000 rw-p 0000e000 103:01 1717636                   /usr/lib/jvm/java-11-openjdk-amd64/lib/libverify.so
7fa9e5807000-7fa9e580e000 r-xp 00000000 103:01 8917759                   /lib/x86_64-linux-gnu/librt-2.27.so
7fa9e580e000-7fa9e5a0d000 ---p 00007000 103:01 8917759                   /lib/x86_64-linux-gnu/librt-2.27.so
7fa9e5a0d000-7fa9e5a0e000 r--p 00006000 103:01 8917759                   /lib/x86_64-linux-gnu/librt-2.27.so
7fa9e5a0e000-7fa9e5a0f000 rw-p 00007000 103:01 8917759                   /lib/x86_64-linux-gnu/librt-2.27.so
7fa9e5a0f000-7fa9e5a26000 r-xp 00000000 103:01 8917655                   /lib/x86_64-linux-gnu/libgcc_s.so.1
7fa9e5a26000-7fa9e5c25000 ---p 00017000 103:01 8917655                   /lib/x86_64-linux-gnu/libgcc_s.so.1
7fa9e5c25000-7fa9e5c26000 r--p 00016000 103:01 8917655                   /lib/x86_64-linux-gnu/libgcc_s.so.1
7fa9e5c26000-7fa9e5c27000 rw-p 00017000 103:01 8917655                   /lib/x86_64-linux-gnu/libgcc_s.so.1
7fa9e5c27000-7fa9e5dc4000 r-xp 00000000 103:01 8917681                   /lib/x86_64-linux-gnu/libm-2.27.so
7fa9e5dc4000-7fa9e5fc3000 ---p 0019d000 103:01 8917681                   /lib/x86_64-linux-gnu/libm-2.27.so
7fa9e5fc3000-7fa9e5fc4000 r--p 0019c000 103:01 8917681                   /lib/x86_64-linux-gnu/libm-2.27.so
7fa9e5fc4000-7fa9e5fc5000 rw-p 0019d000 103:01 8917681                   /lib/x86_64-linux-gnu/libm-2.27.so
7fa9e5fc5000-7fa9e6143000 r-xp 00000000 103:01 1712588                   /usr/lib/x86_64-linux-gnu/libstdc++.so.6.0.25
7fa9e6143000-7fa9e6343000 ---p 0017e000 103:01 1712588                   /usr/lib/x86_64-linux-gnu/libstdc++.so.6.0.25
7fa9e6343000-7fa9e634d000 r--p 0017e000 103:01 1712588                   /usr/lib/x86_64-linux-gnu/libstdc++.so.6.0.25
7fa9e634d000-7fa9e634f000 rw-p 00188000 103:01 1712588                   /usr/lib/x86_64-linux-gnu/libstdc++.so.6.0.25
7fa9e634f000-7fa9e6353000 rw-p 00000000 00:00 0 
7fa9e6353000-7fa9e72f0000 r-xp 00000000 103:01 1717641                   /usr/lib/jvm/java-11-openjdk-amd64/lib/server/libjvm.so
7fa9e72f0000-7fa9e74f0000 ---p 00f9d000 103:01 1717641                   /usr/lib/jvm/java-11-openjdk-amd64/lib/server/libjvm.so
7fa9e74f0000-7fa9e75b4000 r--p 00f9d000 103:01 1717641                   /usr/lib/jvm/java-11-openjdk-amd64/lib/server/libjvm.so
7fa9e75b4000-7fa9e75ec000 rw-p 01061000 103:01 1717641                   /usr/lib/jvm/java-11-openjdk-amd64/lib/server/libjvm.so
7fa9e75ec000-7fa9e7635000 rw-p 00000000 00:00 0 
7fa9e7635000-7fa9e764f000 r-xp 00000000 103:01 8917751                   /lib/x86_64-linux-gnu/libpthread-2.27.so
7fa9e764f000-7fa9e784e000 ---p 0001a000 103:01 8917751                   /lib/x86_64-linux-gnu/libpthread-2.27.so
7fa9e784e000-7fa9e784f000 r--p 00019000 103:01 8917751                   /lib/x86_64-linux-gnu/libpthread-2.27.so
7fa9e784f000-7fa9e7850000 rw-p 0001a000 103:01 8917751                   /lib/x86_64-linux-gnu/libpthread-2.27.so
7fa9e7850000-7fa9e7854000 rw-p 00000000 00:00 0 
7fa9e7854000-7fa9e7857000 r-xp 00000000 103:01 8917641                   /lib/x86_64-linux-gnu/libdl-2.27.so
7fa9e7857000-7fa9e7a56000 ---p 00003000 103:01 8917641                   /lib/x86_64-linux-gnu/libdl-2.27.so
7fa9e7a56000-7fa9e7a57000 r--p 00002000 103:01 8917641                   /lib/x86_64-linux-gnu/libdl-2.27.so
7fa9e7a57000-7fa9e7a58000 rw-p 00003000 103:01 8917641                   /lib/x86_64-linux-gnu/libdl-2.27.so
7fa9e7a58000-7fa9e7a74000 r-xp 00000000 103:01 8917792                   /lib/x86_64-linux-gnu/libz.so.1.2.11
7fa9e7a74000-7fa9e7c73000 ---p 0001c000 103:01 8917792                   /lib/x86_64-linux-gnu/libz.so.1.2.11
7fa9e7c73000-7fa9e7c74000 r--p 0001b000 103:01 8917792                   /lib/x86_64-linux-gnu/libz.so.1.2.11
7fa9e7c74000-7fa9e7c75000 rw-p 0001c000 103:01 8917792                   /lib/x86_64-linux-gnu/libz.so.1.2.11
7fa9e7c75000-7fa9e7e5c000 r-xp 00000000 103:01 8917618                   /lib/x86_64-linux-gnu/libc-2.27.so
7fa9e7e5c000-7fa9e805c000 ---p 001e7000 103:01 8917618                   /lib/x86_64-linux-gnu/libc-2.27.so
7fa9e805c000-7fa9e8060000 r--p 001e7000 103:01 8917618                   /lib/x86_64-linux-gnu/libc-2.27.so
7fa9e8060000-7fa9e8062000 rw-p 001eb000 103:01 8917618                   /lib/x86_64-linux-gnu/libc-2.27.so
7fa9e8062000-7fa9e8066000 rw-p 00000000 00:00 0 
7fa9e8066000-7fa9e8075000 r-xp 00000000 103:01 1717601                   /usr/lib/jvm/java-11-openjdk-amd64/lib/jli/libjli.so
7fa9e8075000-7fa9e8274000 ---p 0000f000 103:01 1717601                   /usr/lib/jvm/java-11-openjdk-amd64/lib/jli/libjli.so
7fa9e8274000-7fa9e8275000 r--p 0000e000 103:01 1717601                   /usr/lib/jvm/java-11-openjdk-amd64/lib/jli/libjli.so
7fa9e8275000-7fa9e8276000 rw-p 0000f000 103:01 1717601                   /usr/lib/jvm/java-11-openjdk-amd64/lib/jli/libjli.so
7fa9e8276000-7fa9e829d000 r-xp 00000000 103:01 8917590                   /lib/x86_64-linux-gnu/ld-2.27.so
7fa9e82f8000-7fa9e837d000 rw-p 00000000 00:00 0 
7fa9e837d000-7fa9e8381000 ---p 00000000 00:00 0 
7fa9e8381000-7fa9e8480000 rw-p 00000000 00:00 0 
7fa9e8484000-7fa9e848a000 rw-p 00000000 00:00 0 
7fa9e848a000-7fa9e8491000 ---p 00000000 00:00 0 
7fa9e8491000-7fa9e8499000 rw-s 00000000 103:01 1442127                   /tmp/hsperfdata_bandoos/20166
7fa9e8499000-7fa9e849a000 ---p 00000000 00:00 0 
7fa9e849a000-7fa9e849b000 r--p 00000000 00:00 0 
7fa9e849b000-7fa9e849d000 rw-p 00000000 00:00 0 
7fa9e849d000-7fa9e849e000 r--p 00027000 103:01 8917590                   /lib/x86_64-linux-gnu/ld-2.27.so
7fa9e849e000-7fa9e849f000 rw-p 00028000 103:01 8917590                   /lib/x86_64-linux-gnu/ld-2.27.so
7fa9e849f000-7fa9e84a0000 rw-p 00000000 00:00 0 
7ffc39601000-7ffc39622000 rw-p 00000000 00:00 0                          [stack]
7ffc39710000-7ffc39713000 r--p 00000000 00:00 0                          [vvar]
7ffc39713000-7ffc39715000 r-xp 00000000 00:00 0                          [vdso]
ffffffffff600000-ffffffffff601000 r-xp 00000000 00:00 0                  [vsyscall]


VM Arguments:
java_command: src.Bayespam data/spam-filter/train data/spam-filter/test
java_class_path (initial): target/
Launcher Type: SUN_STANDARD

Logging:
Log output configuration:
#0: stdout all=warning uptime,level,tags
#1: stderr all=off uptime,level,tags

Environment Variables:
PATH=/home/bandoos/.local/bin:/usr/local/sbin:/usr/local/bin:/usr/sbin:/usr/bin:/sbin:/bin:/usr/games:/usr/local/games
SHELL=/bin/bash
DISPLAY=:0.0

Signal Handlers:
SIGSEGV: [libjvm.so+0xd28ad0], sa_mask[0]=11111111011111111101111111111110, sa_flags=SA_RESTART|SA_SIGINFO
SIGBUS: [libjvm.so+0xd28ad0], sa_mask[0]=11111111011111111101111111111110, sa_flags=SA_RESTART|SA_SIGINFO
SIGFPE: [libjvm.so+0xd28ad0], sa_mask[0]=11111111011111111101111111111110, sa_flags=SA_RESTART|SA_SIGINFO
SIGPIPE: [libjvm.so+0xb2a150], sa_mask[0]=11111111011111111101111111111110, sa_flags=SA_RESTART|SA_SIGINFO
SIGXFSZ: [libjvm.so+0xb2a150], sa_mask[0]=11111111011111111101111111111110, sa_flags=SA_RESTART|SA_SIGINFO
SIGILL: [libjvm.so+0xd28ad0], sa_mask[0]=11111111011111111101111111111110, sa_flags=SA_RESTART|SA_SIGINFO
SIGUSR2: [libjvm.so+0xb29f90], sa_mask[0]=00000000000000000000000000000000, sa_flags=SA_RESTART|SA_SIGINFO
SIGHUP: SIG_DFL, sa_mask[0]=00000000000000000000000000000000, sa_flags=none
SIGINT: SIG_DFL, sa_mask[0]=00000000000000000000000000000000, sa_flags=none
SIGTERM: SIG_DFL, sa_mask[0]=00000000000000000000000000000000, sa_flags=none
SIGQUIT: SIG_DFL, sa_mask[0]=00000000000000000000000000000000, sa_flags=none


---------------  S Y S T E M  ---------------

OS:DISTRIB_ID=LinuxMint
DISTRIB_RELEASE=19
DISTRIB_CODENAME=tara
DISTRIB_DESCRIPTION="Linux Mint 19 Tara"
uname:Linux 4.15.0-20-generic #21-Ubuntu SMP Tue Apr 24 06:16:15 UTC 2018 x86_64
libc:glibc 2.27 NPTL 2.27 
rlimit: STACK 8192k, CORE 0k, NPROC 63589, NOFILE 1048576, AS infinity, DATA infinity, FSIZE infinity
load average:338.22 154.19 60.46

/proc/meminfo:
MemTotal:       16341684 kB
MemFree:          136676 kB
MemAvailable:      62668 kB
Buffers:             932 kB
Cached:           580804 kB
SwapCached:        17152 kB
Active:         14325764 kB
Inactive:        1355852 kB
Active(anon):   14261812 kB
Inactive(anon):  1296416 kB
Active(file):      63952 kB
Inactive(file):    59436 kB
Unevictable:         204 kB
Mlocked:             204 kB
SwapTotal:       2097148 kB
SwapFree:              0 kB
Dirty:               496 kB
Writeback:             0 kB
AnonPages:      15057292 kB
Mapped:           249388 kB
Shmem:            452496 kB
Slab:             172576 kB
SReclaimable:      69264 kB
SUnreclaim:       103312 kB
KernelStack:       76992 kB
PageTables:       160120 kB
NFS_Unstable:          0 kB
Bounce:                0 kB
WritebackTmp:          0 kB
CommitLimit:    10267988 kB
Committed_AS:   66501888 kB
VmallocTotal:   34359738367 kB
VmallocUsed:           0 kB
VmallocChunk:          0 kB
HardwareCorrupted:     0 kB
AnonHugePages:         0 kB
ShmemHugePages:        0 kB
ShmemPmdMapped:        0 kB
CmaTotal:              0 kB
CmaFree:               0 kB
HugePages_Total:       0
HugePages_Free:        0
HugePages_Rsvd:        0
HugePages_Surp:        0
Hugepagesize:       2048 kB
DirectMap4k:      161384 kB
DirectMap2M:     7094272 kB
DirectMap1G:    10485760 kB

container (cgroup) information:
container_type: cgroupv1
cpu_cpuset_cpus: 0-3
cpu_memory_nodes: 0
active_processor_count: 4
cpu_quota: -1
cpu_period: 100000
cpu_shares: -1
memory_limit_in_bytes: -1
memory_and_swap_limit_in_bytes: -2
memory_soft_limit_in_bytes: -1
memory_usage_in_bytes: 16064462848
memory_max_usage_in_bytes: 0


CPU:total 4 (initial active 4) (4 cores per cpu, 1 threads per core) family 6 model 158 stepping 9, cmov, cx8, fxsr, mmx, sse, sse2, sse3, ssse3, sse4.1, sse4.2, popcnt, avx, avx2, aes, clmul, erms, rtm, 3dnowpref, lzcnt, tsc, tscinvbit, bmi1, bmi2, adx, fma
CPU Model and flags from /proc/cpuinfo:
model name	: Intel(R) Core(TM) i5-7600K CPU @ 3.80GHz
flags		: fpu vme de pse tsc msr pae mce cx8 apic sep mtrr pge mca cmov pat pse36 clflush dts acpi mmx fxsr sse sse2 ss ht tm pbe syscall nx pdpe1gb rdtscp lm constant_tsc art arch_perfmon pebs bts rep_good nopl xtopology nonstop_tsc cpuid aperfmperf tsc_known_freq pni pclmulqdq dtes64 monitor ds_cpl vmx est tm2 ssse3 sdbg fma cx16 xtpr pdcm pcid sse4_1 sse4_2 x2apic movbe popcnt aes xsave avx f16c rdrand lahf_lm abm 3dnowprefetch cpuid_fault invpcid_single pti tpr_shadow vnmi flexpriority ept vpid fsgsbase tsc_adjust bmi1 hle avx2 smep bmi2 erms invpcid rtm mpx rdseed adx smap clflushopt intel_pt xsaveopt xsavec xgetbv1 xsaves dtherm ida arat pln pts hwp hwp_notify hwp_act_window hwp_epp

Memory: 4k page, physical 16341684k(136676k free), swap 2097148k(0k free)

vm_info: OpenJDK 64-Bit Server VM (10.0.2+13-Ubuntu-1ubuntu0.18.04.2) for linux-amd64 JRE (10.0.2+13-Ubuntu-1ubuntu0.18.04.2), built on Aug 24 2018 17:36:24 by "buildd" with gcc 7.3.0

END.
